# JRE version: Java(TM) SE Runtime Environment (9.0+11) (build 9.0.4+11)
# Java VM: Java HotSpot(TM) 64-Bit Server VM (9.0.4+11, mixed mode, tiered, compressed oops, g1 gc, windows-amd64)
Heap:
 garbage-first heap   total 95232K, used 44247K [0x00000000c1800000, 0x00000000c19002e8, 0x0000000100000000)
  region size 1024K, 12 young (12288K), 6 survivors (6144K)
 Metaspace       used 31199K, capacity 32242K, committed 32256K, reserved 1077248K
  class space    used 3342K, capacity 3584K, committed 3584K, reserved 1048576K
GC Heap History (10 events):
Event: 5.615 GC heap before
{Heap before GC invocations=8 (full 0):
 garbage-first heap   total 78848K, used 55677K [0x00000000c1800000, 0x00000000c1900268, 0x0000000100000000)
  region size 1024K, 43 young (44032K), 4 survivors (4096K)
 Metaspace       used 20909K, capacity 21406K, committed 21552K, reserved 1069056K
  class space    used 2206K, capacity 2321K, committed 2432K, reserved 1048576K
}
Event: 5.627 GC heap after
{Heap after GC invocations=9 (full 0):
 garbage-first heap   total 78848K, used 18858K [0x00000000c1800000, 0x00000000c1900268, 0x0000000100000000)
  region size 1024K, 4 young (4096K), 4 survivors (4096K)
 Metaspace       used 20909K, capacity 21406K, committed 21552K, reserved 1069056K
  class space    used 2206K, capacity 2321K, committed 2432K, reserved 1048576K
}
Event: 6.341 GC heap before
{Heap before GC invocations=9 (full 0):
 garbage-first heap   total 78848K, used 55722K [0x00000000c1800000, 0x00000000c1900268, 0x0000000100000000)
  region size 1024K, 40 young (40960K), 4 survivors (4096K)
 Metaspace       used 21276K, capacity 21826K, committed 22064K, reserved 1069056K
  class space    used 2223K, capacity 2353K, committed 2432K, reserved 1048576K
}
Event: 6.350 GC heap after
{Heap after GC invocations=10 (full 0):
 garbage-first heap   total 78848K, used 21155K [0x00000000c1800000, 0x00000000c1900268, 0x0000000100000000)
  region size 1024K, 3 young (3072K), 3 survivors (3072K)
 Metaspace       used 21276K, capacity 21826K, committed 22064K, reserved 1069056K
  class space    used 2223K, capacity 2353K, committed 2432K, reserved 1048576K
}
Event: 7.115 GC heap before
{Heap before GC invocations=10 (full 0):
 garbage-first heap   total 78848K, used 58019K [0x00000000c1800000, 0x00000000c1900268, 0x0000000100000000)
  region size 1024K, 39 young (39936K), 3 survivors (3072K)
 Metaspace       used 22354K, capacity 22958K, committed 23040K, reserved 1069056K
  class space    used 2319K, capacity 2495K, committed 2560K, reserved 1048576K
}
Event: 7.125 GC heap after
{Heap after GC invocations=11 (full 0):
 garbage-first heap   total 78848K, used 23258K [0x00000000c1800000, 0x00000000c1900268, 0x0000000100000000)
  region size 1024K, 5 young (5120K), 5 survivors (5120K)
 Metaspace       used 22354K, capacity 22958K, committed 23040K, reserved 1069056K
  class space    used 2319K, capacity 2495K, committed 2560K, reserved 1048576K
}
Event: 8.200 GC heap before
{Heap before GC invocations=11 (full 0):
 garbage-first heap   total 78848K, used 59098K [0x00000000c1800000, 0x00000000c1900268, 0x0000000100000000)
  region size 1024K, 40 young (40960K), 5 survivors (5120K)
 Metaspace       used 29861K, capacity 30726K, committed 30848K, reserved 1077248K
  class space    used 3205K, capacity 3438K, committed 3456K, reserved 1048576K
}
Event: 8.216 GC heap after
{Heap after GC invocations=12 (full 0):
 garbage-first heap   total 95232K, used 29761K [0x00000000c1800000, 0x00000000c19002e8, 0x0000000100000000)
  region size 1024K, 5 young (5120K), 5 survivors (5120K)
 Metaspace       used 29861K, capacity 30726K, committed 30848K, reserved 1077248K
  class space    used 3205K, capacity 3438K, committed 3456K, reserved 1048576K
}
Event: 9.167 GC heap before
{Heap before GC invocations=12 (full 0):
 garbage-first heap   total 95232K, used 68673K [0x00000000c1800000, 0x00000000c19002e8, 0x0000000100000000)
  region size 1024K, 43 young (44032K), 5 survivors (5120K)
 Metaspace       used 31198K, capacity 32242K, committed 32256K, reserved 1077248K
  class space    used 3342K, capacity 3584K, committed 3584K, reserved 1048576K
}
Event: 9.180 GC heap after
{Heap after GC invocations=13 (full 0):
 garbage-first heap   total 95232K, used 39127K [0x00000000c1800000, 0x00000000c19002e8, 0x0000000100000000)
  region size 1024K, 6 young (6144K), 6 survivors (6144K)
 Metaspace       used 31198K, capacity 32242K, committed 32256K, reserved 1077248K
  class space    used 3342K, capacity 3584K, committed 3584K, reserved 1048576K
}

